<?xml version="1.0" encoding="UTF-8"?>
<testsuite name="com.LaVoz.LaVoz.LaVozApplicationTests" tests="1" skipped="0" failures="0" errors="0" timestamp="2025-06-22T06:04:04.439Z" hostname="choiyunseo-MacBookPro.local" time="0.344">
  <properties/>
  <testcase name="contextLoads()" classname="com.LaVoz.LaVoz.LaVozApplicationTests" time="0.344"/>
  <system-out><![CDATA[15:04:04.007 [Test worker] INFO org.springframework.test.context.support.AnnotationConfigContextLoaderUtils -- Could not detect default configuration classes for test class [com.LaVoz.LaVoz.LaVozApplicationTests]: LaVozApplicationTests does not declare any static, non-private, non-final, nested classes annotated with @Configuration.
15:04:04.035 [Test worker] INFO org.springframework.boot.test.context.SpringBootTestContextBootstrapper -- Found @SpringBootConfiguration com.LaVoz.LaVoz.LaVozApplication for test class com.LaVoz.LaVoz.LaVozApplicationTests

  .   ____          _            __ _ _
 /\\ / ___'_ __ _ _(_)_ __  __ _ \ \ \ \
( ( )\___ | '_ | '_| | '_ \/ _` | \ \ \ \
 \\/  ___)| |_)| | | | | || (_| |  ) ) ) )
  '  |____| .__|_| |_|_| |_\__, | / / / /
 =========|_|==============|___/=/_/_/_/

 :: Spring Boot ::                (v3.5.3)

2025-06-22T15:04:04.149+09:00  INFO 63726 --- [LaVoz] [    Test worker] com.LaVoz.LaVoz.LaVozApplicationTests    : Starting LaVozApplicationTests using Java 21.0.6 with PID 63726 (started by yunseo in /Users/yunseo/projects/2025_CHALLKATHON_LaVoz_BE)
2025-06-22T15:04:04.149+09:00  INFO 63726 --- [LaVoz] [    Test worker] com.LaVoz.LaVoz.LaVozApplicationTests    : No active profile set, falling back to 1 default profile: "default"
2025-06-22T15:04:04.435+09:00  INFO 63726 --- [LaVoz] [    Test worker] com.LaVoz.LaVoz.LaVozApplicationTests    : Started LaVozApplicationTests in 0.363 seconds (process running for 0.681)
]]></system-out>
  <system-err><![CDATA[Mockito is currently self-attaching to enable the inline-mock-maker. This will no longer work in future releases of the JDK. Please add Mockito as an agent to your build as described in Mockito's documentation: https://javadoc.io/doc/org.mockito/mockito-core/latest/org.mockito/org/mockito/Mockito.html#0.3
WARNING: A Java agent has been loaded dynamically (/Users/yunseo/.gradle/caches/modules-2/files-2.1/net.bytebuddy/byte-buddy-agent/1.17.6/17b32fd9f57deef02842f7f05abc4ad8127fe34e/byte-buddy-agent-1.17.6.jar)
WARNING: If a serviceability tool is in use, please run with -XX:+EnableDynamicAgentLoading to hide this warning
WARNING: If a serviceability tool is not in use, please run with -Djdk.instrument.traceUsage for more information
WARNING: Dynamic loading of agents will be disallowed by default in a future release
]]></system-err>
</testsuite>
