<?xml version="1.0" encoding="UTF-8"?>
<testsuite name="com.LaVoz.LaVoz.LaVozApplicationTests" tests="1" skipped="0" failures="0" errors="0" timestamp="2025-06-22T14:49:10.038Z" hostname="choiyunseo-MacBookPro.local" time="0.228">
  <properties/>
  <testcase name="contextLoads()" classname="com.LaVoz.LaVoz.LaVozApplicationTests" time="0.228"/>
  <system-out><![CDATA[23:49:07.966 [Test worker] INFO org.springframework.test.context.support.AnnotationConfigContextLoaderUtils -- Could not detect default configuration classes for test class [com.LaVoz.LaVoz.LaVozApplicationTests]: LaVozApplicationTests does not declare any static, non-private, non-final, nested classes annotated with @Configuration.
23:49:07.998 [Test worker] INFO org.springframework.boot.test.context.SpringBootTestContextBootstrapper -- Found @SpringBootConfiguration com.LaVoz.LaVoz.LaVozApplication for test class com.LaVoz.LaVoz.LaVozApplicationTests

  .   ____          _            __ _ _
 /\\ / ___'_ __ _ _(_)_ __  __ _ \ \ \ \
( ( )\___ | '_ | '_| | '_ \/ _` | \ \ \ \
 \\/  ___)| |_)| | | | | || (_| |  ) ) ) )
  '  |____| .__|_| |_|_| |_\__, | / / / /
 =========|_|==============|___/=/_/_/_/

 :: Spring Boot ::                (v3.5.3)

2025-06-22T23:49:08.136+09:00  INFO 69976 --- [    Test worker] com.LaVoz.LaVoz.LaVozApplicationTests    : Starting LaVozApplicationTests using Java 21.0.6 with PID 69976 (started by yunseo in /Users/yunseo/projects/2025_CHALLKATHON_LaVoz_BE)
2025-06-22T23:49:08.137+09:00  INFO 69976 --- [    Test worker] com.LaVoz.LaVoz.LaVozApplicationTests    : No active profile set, falling back to 1 default profile: "default"
2025-06-22T23:49:08.385+09:00  INFO 69976 --- [    Test worker] .s.d.r.c.RepositoryConfigurationDelegate : Bootstrapping Spring Data JPA repositories in DEFAULT mode.
2025-06-22T23:49:08.407+09:00  INFO 69976 --- [    Test worker] .s.d.r.c.RepositoryConfigurationDelegate : Finished Spring Data repository scanning in 16 ms. Found 2 JPA repository interfaces.
2025-06-22T23:49:08.548+09:00  INFO 69976 --- [    Test worker] o.hibernate.jpa.internal.util.LogHelper  : HHH000204: Processing PersistenceUnitInfo [name: default]
2025-06-22T23:49:08.561+09:00  INFO 69976 --- [    Test worker] org.hibernate.Version                    : HHH000412: Hibernate ORM core version 6.6.18.Final
2025-06-22T23:49:08.569+09:00  INFO 69976 --- [    Test worker] o.h.c.internal.RegionFactoryInitiator    : HHH000026: Second-level cache disabled
2025-06-22T23:49:08.647+09:00  INFO 69976 --- [    Test worker] o.s.o.j.p.SpringPersistenceUnitInfo      : No LoadTimeWeaver setup: ignoring JPA class transformer
2025-06-22T23:49:08.656+09:00  INFO 69976 --- [    Test worker] com.zaxxer.hikari.HikariDataSource       : HikariPool-1 - Starting...
2025-06-22T23:49:09.159+09:00  INFO 69976 --- [    Test worker] com.zaxxer.hikari.pool.HikariPool        : HikariPool-1 - Added connection com.mysql.cj.jdbc.ConnectionImpl@c89e263
2025-06-22T23:49:09.160+09:00  INFO 69976 --- [    Test worker] com.zaxxer.hikari.HikariDataSource       : HikariPool-1 - Start completed.
2025-06-22T23:49:09.224+09:00  INFO 69976 --- [    Test worker] org.hibernate.orm.connections.pooling    : HHH10001005: Database info:
	Database JDBC URL [Connecting through datasource 'HikariDataSource (HikariPool-1)']
	Database driver: undefined/unknown
	Database version: 8.0.40
	Autocommit mode: undefined/unknown
	Isolation level: undefined/unknown
	Minimum pool size: undefined/unknown
	Maximum pool size: undefined/unknown
2025-06-22T23:49:09.478+09:00  INFO 69976 --- [    Test worker] o.h.e.t.j.p.i.JtaPlatformInitiator       : HHH000489: No JTA platform available (set 'hibernate.transaction.jta.platform' to enable JTA platform integration)
2025-06-22T23:49:09.551+09:00 DEBUG 69976 --- [    Test worker] org.hibernate.SQL                        : alter table member modify column role enum ('ROLE_CHILD','ROLE_COUNSELOR','ROLE_DOCTOR','ROLE_GUARDIAN')
2025-06-22T23:49:09.671+09:00  INFO 69976 --- [    Test worker] j.LocalContainerEntityManagerFactoryBean : Initialized JPA EntityManagerFactory for persistence unit 'default'
2025-06-22T23:49:09.831+09:00  WARN 69976 --- [    Test worker] JpaBaseConfiguration$JpaWebConfiguration : spring.jpa.open-in-view is enabled by default. Therefore, database queries may be performed during view rendering. Explicitly configure spring.jpa.open-in-view to disable this warning
2025-06-22T23:49:09.891+09:00  INFO 69976 --- [    Test worker] r$InitializeUserDetailsManagerConfigurer : Global AuthenticationManager configured with UserDetailsService bean with name customUserDetailsService
2025-06-22T23:49:09.909+09:00  WARN 69976 --- [    Test worker] thorizationManagerRequestMatcherRegistry : One of the patterns in [member/test] is missing a leading slash. This is discouraged; please include the leading slash in all your request matcher patterns. In future versions of Spring Security, leaving out the leading slash will result in an exception.
2025-06-22T23:49:10.034+09:00  INFO 69976 --- [    Test worker] com.LaVoz.LaVoz.LaVozApplicationTests    : Started LaVozApplicationTests in 1.991 seconds (process running for 2.368)
]]></system-out>
  <system-err><![CDATA[Mockito is currently self-attaching to enable the inline-mock-maker. This will no longer work in future releases of the JDK. Please add Mockito as an agent to your build as described in Mockito's documentation: https://javadoc.io/doc/org.mockito/mockito-core/latest/org.mockito/org/mockito/Mockito.html#0.3
WARNING: A Java agent has been loaded dynamically (/Users/yunseo/.gradle/caches/modules-2/files-2.1/net.bytebuddy/byte-buddy-agent/1.17.6/17b32fd9f57deef02842f7f05abc4ad8127fe34e/byte-buddy-agent-1.17.6.jar)
WARNING: If a serviceability tool is in use, please run with -XX:+EnableDynamicAgentLoading to hide this warning
WARNING: If a serviceability tool is not in use, please run with -Djdk.instrument.traceUsage for more information
WARNING: Dynamic loading of agents will be disallowed by default in a future release
]]></system-err>
</testsuite>
